2023-11-12 16:59:53.868 INFO  [background-preinit] [o.h.validator.internal.util.Version] - HV000001: Hibernate Validator 6.2.5.Final
2023-11-12 16:59:53.868 INFO  [restartedMain] [com.tsherpa.team35.Team35Application] - Starting Team35Application using Java 17.0.8 on DESKTOP-637P0A4 with PID 12820 (C:\hkdev\proj\team\Chunjae_Team_proj05\team35\build\classes\java\main started by 김현경 in C:\hkdev\proj\team\Chunjae_Team_proj05\team35)
2023-11-12 16:59:53.885 INFO  [restartedMain] [com.tsherpa.team35.Team35Application] - No active profile set, falling back to 1 default profile: "default"
2023-11-12 16:59:54.632 INFO  [restartedMain] [o.s.b.d.e.DevToolsPropertyDefaultsPostProcessor] - Devtools property defaults active! Set 'spring.devtools.add-properties' to 'false' to disable
2023-11-12 16:59:54.634 INFO  [restartedMain] [o.s.b.d.e.DevToolsPropertyDefaultsPostProcessor] - For additional web related logging consider setting the 'logging.level.web' property to 'DEBUG'
2023-11-12 16:59:58.505 INFO  [restartedMain] [o.s.b.w.embedded.tomcat.TomcatWebServer] - Tomcat initialized with port(s): 8085 (http)
2023-11-12 16:59:58.526 INFO  [restartedMain] [o.apache.coyote.http11.Http11NioProtocol] - Initializing ProtocolHandler ["http-nio-8085"]
2023-11-12 16:59:58.530 INFO  [restartedMain] [org.apache.catalina.core.StandardService] - Starting service [Tomcat]
2023-11-12 16:59:58.531 INFO  [restartedMain] [org.apache.catalina.core.StandardEngine] - Starting Servlet engine: [Apache Tomcat/9.0.82]
2023-11-12 16:59:59.095 INFO  [restartedMain] [org.apache.jasper.servlet.TldScanner] - At least one JAR was scanned for TLDs yet contained no TLDs. Enable debug logging for this logger for a complete list of JARs that were scanned but no TLDs were found in them. Skipping unneeded JARs during scanning can improve startup time and JSP compilation time.
2023-11-12 16:59:59.106 INFO  [restartedMain] [o.a.c.c.C.[Tomcat].[localhost].[/]] - Initializing Spring embedded WebApplicationContext
2023-11-12 16:59:59.106 INFO  [restartedMain] [o.s.b.w.s.c.ServletWebServerApplicationContext] - Root WebApplicationContext: initialization completed in 4470 ms
2023-11-12 17:00:00.892 INFO  [restartedMain] [o.s.s.web.DefaultSecurityFilterChain] - Will secure any request with [org.springframework.security.web.session.DisableEncodeUrlFilter@728382d8, org.springframework.security.web.context.request.async.WebAsyncManagerIntegrationFilter@3c4890b8, org.springframework.security.web.context.SecurityContextPersistenceFilter@3e8a8bb6, org.springframework.security.web.header.HeaderWriterFilter@6cb941de, org.springframework.security.web.csrf.CsrfFilter@6fdc9154, org.springframework.security.web.authentication.logout.LogoutFilter@236cdc76, org.springframework.security.web.authentication.UsernamePasswordAuthenticationFilter@953ee63, org.springframework.security.web.savedrequest.RequestCacheAwareFilter@812f846, org.springframework.security.web.servletapi.SecurityContextHolderAwareRequestFilter@5466018a, org.springframework.security.web.authentication.AnonymousAuthenticationFilter@201c5998, org.springframework.security.web.session.SessionManagementFilter@1893639f, org.springframework.security.web.access.ExceptionTranslationFilter@62c9c10, org.springframework.security.web.access.intercept.FilterSecurityInterceptor@312e13a2]
2023-11-12 17:00:01.956 INFO  [restartedMain] [o.s.b.d.a.OptionalLiveReloadServer] - LiveReload server is running on port 35729
2023-11-12 17:00:02.001 INFO  [restartedMain] [o.apache.coyote.http11.Http11NioProtocol] - Starting ProtocolHandler ["http-nio-8085"]
2023-11-12 17:00:02.097 INFO  [restartedMain] [o.s.b.w.embedded.tomcat.TomcatWebServer] - Tomcat started on port(s): 8085 (http) with context path ''
2023-11-12 17:00:02.127 INFO  [restartedMain] [com.tsherpa.team35.Team35Application] - Started Team35Application in 9.251 seconds (JVM running for 12.369)
2023-11-12 17:01:26.443 INFO  [http-nio-8085-exec-1] [o.a.c.c.C.[Tomcat].[localhost].[/]] - Initializing Spring DispatcherServlet 'dispatcherServlet'
2023-11-12 17:01:26.443 INFO  [http-nio-8085-exec-1] [o.s.web.servlet.DispatcherServlet] - Initializing Servlet 'dispatcherServlet'
2023-11-12 17:01:26.444 INFO  [http-nio-8085-exec-1] [o.s.web.servlet.DispatcherServlet] - Completed initialization in 1 ms
2023-11-12 17:02:48.239 INFO  [http-nio-8085-exec-2] [com.zaxxer.hikari.HikariDataSource] - HikariPool-1 - Starting...
2023-11-12 17:02:48.376 INFO  [http-nio-8085-exec-2] [com.zaxxer.hikari.HikariDataSource] - HikariPool-1 - Start completed.
2023-11-12 17:37:37.715 INFO  [SpringApplicationShutdownHook] [com.zaxxer.hikari.HikariDataSource] - HikariPool-1 - Shutdown initiated...
2023-11-12 17:37:37.725 INFO  [SpringApplicationShutdownHook] [com.zaxxer.hikari.HikariDataSource] - HikariPool-1 - Shutdown completed.
2023-11-12 17:37:49.367 INFO  [background-preinit] [o.h.validator.internal.util.Version] - HV000001: Hibernate Validator 6.2.5.Final
2023-11-12 17:37:49.374 INFO  [restartedMain] [com.tsherpa.team35.Team35Application] - Starting Team35Application using Java 17.0.8 on DESKTOP-637P0A4 with PID 12352 (C:\hkdev\proj\team\Chunjae_Team_proj05\team35\build\classes\java\main started by 김현경 in C:\hkdev\proj\team\Chunjae_Team_proj05\team35)
2023-11-12 17:37:49.375 INFO  [restartedMain] [com.tsherpa.team35.Team35Application] - No active profile set, falling back to 1 default profile: "default"
2023-11-12 17:37:49.853 INFO  [restartedMain] [o.s.b.d.e.DevToolsPropertyDefaultsPostProcessor] - Devtools property defaults active! Set 'spring.devtools.add-properties' to 'false' to disable
2023-11-12 17:37:49.854 INFO  [restartedMain] [o.s.b.d.e.DevToolsPropertyDefaultsPostProcessor] - For additional web related logging consider setting the 'logging.level.web' property to 'DEBUG'
2023-11-12 17:37:51.994 INFO  [restartedMain] [o.s.b.w.embedded.tomcat.TomcatWebServer] - Tomcat initialized with port(s): 8085 (http)
2023-11-12 17:37:52.007 INFO  [restartedMain] [o.apache.coyote.http11.Http11NioProtocol] - Initializing ProtocolHandler ["http-nio-8085"]
2023-11-12 17:37:52.010 INFO  [restartedMain] [org.apache.catalina.core.StandardService] - Starting service [Tomcat]
2023-11-12 17:37:52.011 INFO  [restartedMain] [org.apache.catalina.core.StandardEngine] - Starting Servlet engine: [Apache Tomcat/9.0.82]
2023-11-12 17:37:52.334 INFO  [restartedMain] [org.apache.jasper.servlet.TldScanner] - At least one JAR was scanned for TLDs yet contained no TLDs. Enable debug logging for this logger for a complete list of JARs that were scanned but no TLDs were found in them. Skipping unneeded JARs during scanning can improve startup time and JSP compilation time.
2023-11-12 17:37:52.341 INFO  [restartedMain] [o.a.c.c.C.[Tomcat].[localhost].[/]] - Initializing Spring embedded WebApplicationContext
2023-11-12 17:37:52.341 INFO  [restartedMain] [o.s.b.w.s.c.ServletWebServerApplicationContext] - Root WebApplicationContext: initialization completed in 2486 ms
2023-11-12 17:37:53.222 INFO  [restartedMain] [o.s.s.web.DefaultSecurityFilterChain] - Will secure any request with [org.springframework.security.web.session.DisableEncodeUrlFilter@f7d9288, org.springframework.security.web.context.request.async.WebAsyncManagerIntegrationFilter@25084ce7, org.springframework.security.web.context.SecurityContextPersistenceFilter@7ef452b4, org.springframework.security.web.header.HeaderWriterFilter@23068e1f, org.springframework.security.web.csrf.CsrfFilter@50ab84a1, org.springframework.security.web.authentication.logout.LogoutFilter@55688a29, org.springframework.security.web.authentication.UsernamePasswordAuthenticationFilter@d49954, org.springframework.security.web.savedrequest.RequestCacheAwareFilter@7de7077b, org.springframework.security.web.servletapi.SecurityContextHolderAwareRequestFilter@1ba1c7a7, org.springframework.security.web.authentication.AnonymousAuthenticationFilter@60d295af, org.springframework.security.web.session.SessionManagementFilter@3901cac1, org.springframework.security.web.access.ExceptionTranslationFilter@167dd12e, org.springframework.security.web.access.intercept.FilterSecurityInterceptor@26343266]
2023-11-12 17:37:53.715 INFO  [restartedMain] [o.s.b.d.a.OptionalLiveReloadServer] - LiveReload server is running on port 35729
2023-11-12 17:37:53.741 INFO  [restartedMain] [o.apache.coyote.http11.Http11NioProtocol] - Starting ProtocolHandler ["http-nio-8085"]
2023-11-12 17:37:53.792 INFO  [restartedMain] [o.s.b.w.embedded.tomcat.TomcatWebServer] - Tomcat started on port(s): 8085 (http) with context path ''
2023-11-12 17:37:53.809 INFO  [restartedMain] [com.tsherpa.team35.Team35Application] - Started Team35Application in 5.102 seconds (JVM running for 7.068)
2023-11-12 17:37:57.768 INFO  [http-nio-8085-exec-1] [o.a.c.c.C.[Tomcat].[localhost].[/]] - Initializing Spring DispatcherServlet 'dispatcherServlet'
2023-11-12 17:37:57.769 INFO  [http-nio-8085-exec-1] [o.s.web.servlet.DispatcherServlet] - Initializing Servlet 'dispatcherServlet'
2023-11-12 17:37:57.771 INFO  [http-nio-8085-exec-1] [o.s.web.servlet.DispatcherServlet] - Completed initialization in 2 ms
2023-11-12 17:38:41.085 INFO  [background-preinit] [o.h.validator.internal.util.Version] - HV000001: Hibernate Validator 6.2.5.Final
2023-11-12 17:38:41.086 INFO  [restartedMain] [com.tsherpa.team35.Team35Application] - Starting Team35Application using Java 17.0.8 on DESKTOP-637P0A4 with PID 17104 (C:\hkdev\proj\team\Chunjae_Team_proj05\team35\build\classes\java\main started by 김현경 in C:\hkdev\proj\team\Chunjae_Team_proj05\team35)
2023-11-12 17:38:41.089 INFO  [restartedMain] [com.tsherpa.team35.Team35Application] - No active profile set, falling back to 1 default profile: "default"
2023-11-12 17:38:41.530 INFO  [restartedMain] [o.s.b.d.e.DevToolsPropertyDefaultsPostProcessor] - Devtools property defaults active! Set 'spring.devtools.add-properties' to 'false' to disable
2023-11-12 17:38:41.530 INFO  [restartedMain] [o.s.b.d.e.DevToolsPropertyDefaultsPostProcessor] - For additional web related logging consider setting the 'logging.level.web' property to 'DEBUG'
2023-11-12 17:38:43.389 INFO  [restartedMain] [o.s.b.w.embedded.tomcat.TomcatWebServer] - Tomcat initialized with port(s): 8085 (http)
2023-11-12 17:38:43.400 INFO  [restartedMain] [o.apache.coyote.http11.Http11NioProtocol] - Initializing ProtocolHandler ["http-nio-8085"]
2023-11-12 17:38:43.402 INFO  [restartedMain] [org.apache.catalina.core.StandardService] - Starting service [Tomcat]
2023-11-12 17:38:43.403 INFO  [restartedMain] [org.apache.catalina.core.StandardEngine] - Starting Servlet engine: [Apache Tomcat/9.0.82]
2023-11-12 17:38:43.667 INFO  [restartedMain] [org.apache.jasper.servlet.TldScanner] - At least one JAR was scanned for TLDs yet contained no TLDs. Enable debug logging for this logger for a complete list of JARs that were scanned but no TLDs were found in them. Skipping unneeded JARs during scanning can improve startup time and JSP compilation time.
2023-11-12 17:38:43.673 INFO  [restartedMain] [o.a.c.c.C.[Tomcat].[localhost].[/]] - Initializing Spring embedded WebApplicationContext
2023-11-12 17:38:43.673 INFO  [restartedMain] [o.s.b.w.s.c.ServletWebServerApplicationContext] - Root WebApplicationContext: initialization completed in 2142 ms
2023-11-12 17:38:44.489 INFO  [restartedMain] [o.s.s.web.DefaultSecurityFilterChain] - Will secure any request with [org.springframework.security.web.session.DisableEncodeUrlFilter@35fb2fa4, org.springframework.security.web.context.request.async.WebAsyncManagerIntegrationFilter@1951e116, org.springframework.security.web.context.SecurityContextPersistenceFilter@73465edc, org.springframework.security.web.header.HeaderWriterFilter@7386e70, org.springframework.security.web.csrf.CsrfFilter@75be9ad4, org.springframework.security.web.authentication.logout.LogoutFilter@466d8303, org.springframework.security.web.authentication.UsernamePasswordAuthenticationFilter@22b36909, org.springframework.security.web.savedrequest.RequestCacheAwareFilter@4d1f49ee, org.springframework.security.web.servletapi.SecurityContextHolderAwareRequestFilter@8b8ffd2, org.springframework.security.web.authentication.AnonymousAuthenticationFilter@2b4cc2bf, org.springframework.security.web.session.SessionManagementFilter@58a7ef16, org.springframework.security.web.access.ExceptionTranslationFilter@543110db, org.springframework.security.web.access.intercept.FilterSecurityInterceptor@46b28ae1]
2023-11-12 17:38:44.981 INFO  [restartedMain] [o.s.b.d.a.OptionalLiveReloadServer] - LiveReload server is running on port 35729
2023-11-12 17:38:45.008 INFO  [restartedMain] [o.apache.coyote.http11.Http11NioProtocol] - Starting ProtocolHandler ["http-nio-8085"]
2023-11-12 17:38:45.055 INFO  [restartedMain] [o.s.b.w.embedded.tomcat.TomcatWebServer] - Tomcat started on port(s): 8085 (http) with context path ''
2023-11-12 17:38:45.070 INFO  [restartedMain] [com.tsherpa.team35.Team35Application] - Started Team35Application in 4.52 seconds (JVM running for 5.916)
2023-11-12 17:38:48.401 INFO  [http-nio-8085-exec-1] [o.a.c.c.C.[Tomcat].[localhost].[/]] - Initializing Spring DispatcherServlet 'dispatcherServlet'
2023-11-12 17:38:48.401 INFO  [http-nio-8085-exec-1] [o.s.web.servlet.DispatcherServlet] - Initializing Servlet 'dispatcherServlet'
2023-11-12 17:38:48.403 INFO  [http-nio-8085-exec-1] [o.s.web.servlet.DispatcherServlet] - Completed initialization in 1 ms
2023-11-12 17:39:12.183 INFO  [background-preinit] [o.h.validator.internal.util.Version] - HV000001: Hibernate Validator 6.2.5.Final
2023-11-12 17:39:12.185 INFO  [restartedMain] [com.tsherpa.team35.Team35Application] - Starting Team35Application using Java 17.0.8 on DESKTOP-637P0A4 with PID 14172 (C:\hkdev\proj\team\Chunjae_Team_proj05\team35\build\classes\java\main started by 김현경 in C:\hkdev\proj\team\Chunjae_Team_proj05\team35)
2023-11-12 17:39:12.188 INFO  [restartedMain] [com.tsherpa.team35.Team35Application] - No active profile set, falling back to 1 default profile: "default"
2023-11-12 17:39:12.683 INFO  [restartedMain] [o.s.b.d.e.DevToolsPropertyDefaultsPostProcessor] - Devtools property defaults active! Set 'spring.devtools.add-properties' to 'false' to disable
2023-11-12 17:39:12.683 INFO  [restartedMain] [o.s.b.d.e.DevToolsPropertyDefaultsPostProcessor] - For additional web related logging consider setting the 'logging.level.web' property to 'DEBUG'
2023-11-12 17:39:14.704 INFO  [restartedMain] [o.s.b.w.embedded.tomcat.TomcatWebServer] - Tomcat initialized with port(s): 8085 (http)
2023-11-12 17:39:14.719 INFO  [restartedMain] [o.apache.coyote.http11.Http11NioProtocol] - Initializing ProtocolHandler ["http-nio-8085"]
2023-11-12 17:39:14.721 INFO  [restartedMain] [org.apache.catalina.core.StandardService] - Starting service [Tomcat]
2023-11-12 17:39:14.721 INFO  [restartedMain] [org.apache.catalina.core.StandardEngine] - Starting Servlet engine: [Apache Tomcat/9.0.82]
2023-11-12 17:39:15.135 INFO  [restartedMain] [org.apache.jasper.servlet.TldScanner] - At least one JAR was scanned for TLDs yet contained no TLDs. Enable debug logging for this logger for a complete list of JARs that were scanned but no TLDs were found in them. Skipping unneeded JARs during scanning can improve startup time and JSP compilation time.
2023-11-12 17:39:15.146 INFO  [restartedMain] [o.a.c.c.C.[Tomcat].[localhost].[/]] - Initializing Spring embedded WebApplicationContext
2023-11-12 17:39:15.147 INFO  [restartedMain] [o.s.b.w.s.c.ServletWebServerApplicationContext] - Root WebApplicationContext: initialization completed in 2463 ms
2023-11-12 17:39:16.130 INFO  [restartedMain] [o.s.s.web.DefaultSecurityFilterChain] - Will secure any request with [org.springframework.security.web.session.DisableEncodeUrlFilter@59295f64, org.springframework.security.web.context.request.async.WebAsyncManagerIntegrationFilter@56e6e92e, org.springframework.security.web.context.SecurityContextPersistenceFilter@555d507f, org.springframework.security.web.header.HeaderWriterFilter@61e798c3, org.springframework.security.web.csrf.CsrfFilter@747d28ec, org.springframework.security.web.authentication.logout.LogoutFilter@5eafbeb8, org.springframework.security.web.authentication.UsernamePasswordAuthenticationFilter@7114209c, org.springframework.security.web.savedrequest.RequestCacheAwareFilter@75410676, org.springframework.security.web.servletapi.SecurityContextHolderAwareRequestFilter@53ef11d9, org.springframework.security.web.authentication.AnonymousAuthenticationFilter@51464696, org.springframework.security.web.session.SessionManagementFilter@4410dda8, org.springframework.security.web.access.ExceptionTranslationFilter@322b2a80, org.springframework.security.web.access.intercept.FilterSecurityInterceptor@728d354]
2023-11-12 17:39:16.710 INFO  [restartedMain] [o.s.b.d.a.OptionalLiveReloadServer] - LiveReload server is running on port 35729
2023-11-12 17:39:16.738 INFO  [restartedMain] [o.apache.coyote.http11.Http11NioProtocol] - Starting ProtocolHandler ["http-nio-8085"]
2023-11-12 17:39:16.788 INFO  [restartedMain] [o.s.b.w.embedded.tomcat.TomcatWebServer] - Tomcat started on port(s): 8085 (http) with context path ''
2023-11-12 17:39:16.806 INFO  [restartedMain] [com.tsherpa.team35.Team35Application] - Started Team35Application in 5.2 seconds (JVM running for 6.765)
2023-11-12 17:39:19.685 INFO  [http-nio-8085-exec-1] [o.a.c.c.C.[Tomcat].[localhost].[/]] - Initializing Spring DispatcherServlet 'dispatcherServlet'
2023-11-12 17:39:19.685 INFO  [http-nio-8085-exec-1] [o.s.web.servlet.DispatcherServlet] - Initializing Servlet 'dispatcherServlet'
2023-11-12 17:39:19.687 INFO  [http-nio-8085-exec-1] [o.s.web.servlet.DispatcherServlet] - Completed initialization in 2 ms
2023-11-12 17:39:21.751 INFO  [File Watcher] [o.s.b.d.a.LocalDevToolsAutoConfiguration$RestartingClassPathChangeChangedEventListener] - Restarting due to 109 class path changes (0 additions, 0 deletions, 109 modifications)
2023-11-12 17:39:21.776 INFO  [Thread-5] [o.apache.coyote.http11.Http11NioProtocol] - Pausing ProtocolHandler ["http-nio-8085"]
2023-11-12 17:39:21.776 INFO  [Thread-5] [org.apache.catalina.core.StandardService] - Stopping service [Tomcat]
2023-11-12 17:39:21.777 INFO  [Thread-5] [o.a.c.c.C.[Tomcat].[localhost].[/]] - Destroying Spring FrameworkServlet 'dispatcherServlet'
2023-11-12 17:39:21.784 INFO  [Thread-5] [o.apache.coyote.http11.Http11NioProtocol] - Stopping ProtocolHandler ["http-nio-8085"]
2023-11-12 17:39:21.786 INFO  [Thread-5] [o.apache.coyote.http11.Http11NioProtocol] - Destroying ProtocolHandler ["http-nio-8085"]
2023-11-12 17:39:21.890 INFO  [restartedMain] [com.tsherpa.team35.Team35Application] - Starting Team35Application using Java 17.0.8 on DESKTOP-637P0A4 with PID 14172 (C:\hkdev\proj\team\Chunjae_Team_proj05\team35\build\classes\java\main started by 김현경 in C:\hkdev\proj\team\Chunjae_Team_proj05\team35)
2023-11-12 17:39:21.891 INFO  [restartedMain] [com.tsherpa.team35.Team35Application] - No active profile set, falling back to 1 default profile: "default"
2023-11-12 17:39:22.556 INFO  [restartedMain] [o.s.b.w.embedded.tomcat.TomcatWebServer] - Tomcat initialized with port(s): 8085 (http)
2023-11-12 17:39:22.557 INFO  [restartedMain] [o.apache.coyote.http11.Http11NioProtocol] - Initializing ProtocolHandler ["http-nio-8085"]
2023-11-12 17:39:22.557 INFO  [restartedMain] [org.apache.catalina.core.StandardService] - Starting service [Tomcat]
2023-11-12 17:39:22.557 INFO  [restartedMain] [org.apache.catalina.core.StandardEngine] - Starting Servlet engine: [Apache Tomcat/9.0.82]
2023-11-12 17:39:22.742 INFO  [restartedMain] [org.apache.jasper.servlet.TldScanner] - At least one JAR was scanned for TLDs yet contained no TLDs. Enable debug logging for this logger for a complete list of JARs that were scanned but no TLDs were found in them. Skipping unneeded JARs during scanning can improve startup time and JSP compilation time.
2023-11-12 17:39:22.745 INFO  [restartedMain] [o.a.c.c.C.[Tomcat].[localhost].[/]] - Initializing Spring embedded WebApplicationContext
2023-11-12 17:39:22.745 INFO  [restartedMain] [o.s.b.w.s.c.ServletWebServerApplicationContext] - Root WebApplicationContext: initialization completed in 852 ms
2023-11-12 17:39:23.101 INFO  [restartedMain] [o.s.s.web.DefaultSecurityFilterChain] - Will secure any request with [org.springframework.security.web.session.DisableEncodeUrlFilter@19211ddc, org.springframework.security.web.context.request.async.WebAsyncManagerIntegrationFilter@8ac507b, org.springframework.security.web.context.SecurityContextPersistenceFilter@b28abb7, org.springframework.security.web.header.HeaderWriterFilter@3e14d8f9, org.springframework.security.web.csrf.CsrfFilter@7d7acd47, org.springframework.security.web.authentication.logout.LogoutFilter@4f8aef54, org.springframework.security.web.authentication.UsernamePasswordAuthenticationFilter@3a0f868e, org.springframework.security.web.savedrequest.RequestCacheAwareFilter@23036853, org.springframework.security.web.servletapi.SecurityContextHolderAwareRequestFilter@3b48afda, org.springframework.security.web.authentication.AnonymousAuthenticationFilter@6c5d17fa, org.springframework.security.web.session.SessionManagementFilter@20134a07, org.springframework.security.web.access.ExceptionTranslationFilter@6609c140, org.springframework.security.web.access.intercept.FilterSecurityInterceptor@1bcfeb47]
2023-11-12 17:39:23.277 INFO  [restartedMain] [o.s.b.d.a.OptionalLiveReloadServer] - LiveReload server is running on port 35729
2023-11-12 17:39:23.296 INFO  [restartedMain] [o.apache.coyote.http11.Http11NioProtocol] - Starting ProtocolHandler ["http-nio-8085"]
2023-11-12 17:39:23.312 INFO  [restartedMain] [o.s.b.w.embedded.tomcat.TomcatWebServer] - Tomcat started on port(s): 8085 (http) with context path ''
2023-11-12 17:39:23.326 INFO  [restartedMain] [com.tsherpa.team35.Team35Application] - Started Team35Application in 1.489 seconds (JVM running for 13.285)
2023-11-12 17:39:23.331 INFO  [restartedMain] [o.s.b.d.a.ConditionEvaluationDeltaLoggingListener] - Condition evaluation unchanged
2023-11-12 17:39:30.345 INFO  [http-nio-8085-exec-1] [o.a.c.c.C.[Tomcat].[localhost].[/]] - Initializing Spring DispatcherServlet 'dispatcherServlet'
2023-11-12 17:39:30.346 INFO  [http-nio-8085-exec-1] [o.s.web.servlet.DispatcherServlet] - Initializing Servlet 'dispatcherServlet'
2023-11-12 17:39:30.350 INFO  [http-nio-8085-exec-1] [o.s.web.servlet.DispatcherServlet] - Completed initialization in 4 ms
2023-11-12 17:40:22.687 INFO  [background-preinit] [o.h.validator.internal.util.Version] - HV000001: Hibernate Validator 6.2.5.Final
2023-11-12 17:40:22.696 INFO  [restartedMain] [com.tsherpa.team35.Team35Application] - Starting Team35Application using Java 17.0.8 on DESKTOP-637P0A4 with PID 27080 (C:\hkdev\proj\team\Chunjae_Team_proj05\team35\build\classes\java\main started by 김현경 in C:\hkdev\proj\team\Chunjae_Team_proj05\team35)
2023-11-12 17:40:22.698 INFO  [restartedMain] [com.tsherpa.team35.Team35Application] - No active profile set, falling back to 1 default profile: "default"
2023-11-12 17:40:23.221 INFO  [restartedMain] [o.s.b.d.e.DevToolsPropertyDefaultsPostProcessor] - Devtools property defaults active! Set 'spring.devtools.add-properties' to 'false' to disable
2023-11-12 17:40:23.221 INFO  [restartedMain] [o.s.b.d.e.DevToolsPropertyDefaultsPostProcessor] - For additional web related logging consider setting the 'logging.level.web' property to 'DEBUG'
2023-11-12 17:40:25.384 INFO  [restartedMain] [o.s.b.w.embedded.tomcat.TomcatWebServer] - Tomcat initialized with port(s): 8085 (http)
2023-11-12 17:40:25.402 INFO  [restartedMain] [o.apache.coyote.http11.Http11NioProtocol] - Initializing ProtocolHandler ["http-nio-8085"]
2023-11-12 17:40:25.405 INFO  [restartedMain] [org.apache.catalina.core.StandardService] - Starting service [Tomcat]
2023-11-12 17:40:25.405 INFO  [restartedMain] [org.apache.catalina.core.StandardEngine] - Starting Servlet engine: [Apache Tomcat/9.0.82]
2023-11-12 17:40:25.710 INFO  [restartedMain] [org.apache.jasper.servlet.TldScanner] - At least one JAR was scanned for TLDs yet contained no TLDs. Enable debug logging for this logger for a complete list of JARs that were scanned but no TLDs were found in them. Skipping unneeded JARs during scanning can improve startup time and JSP compilation time.
2023-11-12 17:40:25.716 INFO  [restartedMain] [o.a.c.c.C.[Tomcat].[localhost].[/]] - Initializing Spring embedded WebApplicationContext
2023-11-12 17:40:25.717 INFO  [restartedMain] [o.s.b.w.s.c.ServletWebServerApplicationContext] - Root WebApplicationContext: initialization completed in 2495 ms
2023-11-12 17:40:26.566 INFO  [restartedMain] [o.s.s.web.DefaultSecurityFilterChain] - Will secure any request with [org.springframework.security.web.session.DisableEncodeUrlFilter@131a10f6, org.springframework.security.web.context.request.async.WebAsyncManagerIntegrationFilter@1fbf6e24, org.springframework.security.web.context.SecurityContextPersistenceFilter@335e57dd, org.springframework.security.web.header.HeaderWriterFilter@39610db5, org.springframework.security.web.csrf.CsrfFilter@55690ccc, org.springframework.security.web.authentication.logout.LogoutFilter@44a80c5c, org.springframework.security.web.authentication.UsernamePasswordAuthenticationFilter@123ff544, org.springframework.security.web.savedrequest.RequestCacheAwareFilter@210a411b, org.springframework.security.web.servletapi.SecurityContextHolderAwareRequestFilter@29abd5b2, org.springframework.security.web.authentication.AnonymousAuthenticationFilter@6544dbd5, org.springframework.security.web.session.SessionManagementFilter@49913cf, org.springframework.security.web.access.ExceptionTranslationFilter@5bd898a2, org.springframework.security.web.access.intercept.FilterSecurityInterceptor@389aaaa7]
2023-11-12 17:40:27.068 INFO  [restartedMain] [o.s.b.d.a.OptionalLiveReloadServer] - LiveReload server is running on port 35729
2023-11-12 17:40:27.094 INFO  [restartedMain] [o.apache.coyote.http11.Http11NioProtocol] - Starting ProtocolHandler ["http-nio-8085"]
2023-11-12 17:40:27.133 INFO  [restartedMain] [o.s.b.w.embedded.tomcat.TomcatWebServer] - Tomcat started on port(s): 8085 (http) with context path ''
2023-11-12 17:40:27.150 INFO  [restartedMain] [com.tsherpa.team35.Team35Application] - Started Team35Application in 5.124 seconds (JVM running for 6.908)
2023-11-12 17:40:27.232 INFO  [http-nio-8085-exec-1] [o.a.c.c.C.[Tomcat].[localhost].[/]] - Initializing Spring DispatcherServlet 'dispatcherServlet'
2023-11-12 17:40:27.232 INFO  [http-nio-8085-exec-1] [o.s.web.servlet.DispatcherServlet] - Initializing Servlet 'dispatcherServlet'
2023-11-12 17:40:27.233 INFO  [http-nio-8085-exec-1] [o.s.web.servlet.DispatcherServlet] - Completed initialization in 1 ms
2023-11-12 17:41:04.112 INFO  [http-nio-8085-exec-2] [com.zaxxer.hikari.HikariDataSource] - HikariPool-1 - Starting...
2023-11-12 17:41:04.257 INFO  [http-nio-8085-exec-2] [com.zaxxer.hikari.HikariDataSource] - HikariPool-1 - Start completed.
2023-11-12 17:41:29.026 INFO  [SpringApplicationShutdownHook] [com.zaxxer.hikari.HikariDataSource] - HikariPool-1 - Shutdown initiated...
2023-11-12 17:41:29.036 INFO  [SpringApplicationShutdownHook] [com.zaxxer.hikari.HikariDataSource] - HikariPool-1 - Shutdown completed.
2023-11-12 17:41:35.624 INFO  [background-preinit] [o.h.validator.internal.util.Version] - HV000001: Hibernate Validator 6.2.5.Final
2023-11-12 17:41:35.631 INFO  [restartedMain] [com.tsherpa.team35.Team35Application] - Starting Team35Application using Java 17.0.8 on DESKTOP-637P0A4 with PID 24020 (C:\hkdev\proj\team\Chunjae_Team_proj05\team35\build\classes\java\main started by 김현경 in C:\hkdev\proj\team\Chunjae_Team_proj05\team35)
2023-11-12 17:41:35.632 INFO  [restartedMain] [com.tsherpa.team35.Team35Application] - No active profile set, falling back to 1 default profile: "default"
2023-11-12 17:41:36.124 INFO  [restartedMain] [o.s.b.d.e.DevToolsPropertyDefaultsPostProcessor] - Devtools property defaults active! Set 'spring.devtools.add-properties' to 'false' to disable
2023-11-12 17:41:36.125 INFO  [restartedMain] [o.s.b.d.e.DevToolsPropertyDefaultsPostProcessor] - For additional web related logging consider setting the 'logging.level.web' property to 'DEBUG'
2023-11-12 17:41:38.064 INFO  [restartedMain] [o.s.b.w.embedded.tomcat.TomcatWebServer] - Tomcat initialized with port(s): 8085 (http)
2023-11-12 17:41:38.085 INFO  [restartedMain] [o.apache.coyote.http11.Http11NioProtocol] - Initializing ProtocolHandler ["http-nio-8085"]
2023-11-12 17:41:38.089 INFO  [restartedMain] [org.apache.catalina.core.StandardService] - Starting service [Tomcat]
2023-11-12 17:41:38.090 INFO  [restartedMain] [org.apache.catalina.core.StandardEngine] - Starting Servlet engine: [Apache Tomcat/9.0.82]
2023-11-12 17:41:38.484 INFO  [restartedMain] [org.apache.jasper.servlet.TldScanner] - At least one JAR was scanned for TLDs yet contained no TLDs. Enable debug logging for this logger for a complete list of JARs that were scanned but no TLDs were found in them. Skipping unneeded JARs during scanning can improve startup time and JSP compilation time.
2023-11-12 17:41:38.491 INFO  [restartedMain] [o.a.c.c.C.[Tomcat].[localhost].[/]] - Initializing Spring embedded WebApplicationContext
2023-11-12 17:41:38.492 INFO  [restartedMain] [o.s.b.w.s.c.ServletWebServerApplicationContext] - Root WebApplicationContext: initialization completed in 2366 ms
2023-11-12 17:41:39.413 INFO  [restartedMain] [o.s.s.web.DefaultSecurityFilterChain] - Will secure any request with [org.springframework.security.web.session.DisableEncodeUrlFilter@311a9b97, org.springframework.security.web.context.request.async.WebAsyncManagerIntegrationFilter@2d70df0b, org.springframework.security.web.context.SecurityContextPersistenceFilter@254eeabd, org.springframework.security.web.header.HeaderWriterFilter@335bd915, org.springframework.security.web.csrf.CsrfFilter@2a164893, org.springframework.security.web.authentication.logout.LogoutFilter@7de7077b, org.springframework.security.web.authentication.UsernamePasswordAuthenticationFilter@4e1c82d2, org.springframework.security.web.savedrequest.RequestCacheAwareFilter@322b2a80, org.springframework.security.web.servletapi.SecurityContextHolderAwareRequestFilter@3c11cfc, org.springframework.security.web.authentication.AnonymousAuthenticationFilter@4ae10d9e, org.springframework.security.web.session.SessionManagementFilter@50ab84a1, org.springframework.security.web.access.ExceptionTranslationFilter@32da31e4, org.springframework.security.web.access.intercept.FilterSecurityInterceptor@9127ad0]
2023-11-12 17:41:39.967 INFO  [restartedMain] [o.s.b.d.a.OptionalLiveReloadServer] - LiveReload server is running on port 35729
2023-11-12 17:41:39.994 INFO  [restartedMain] [o.apache.coyote.http11.Http11NioProtocol] - Starting ProtocolHandler ["http-nio-8085"]
2023-11-12 17:41:40.044 INFO  [restartedMain] [o.s.b.w.embedded.tomcat.TomcatWebServer] - Tomcat started on port(s): 8085 (http) with context path ''
2023-11-12 17:41:40.063 INFO  [restartedMain] [com.tsherpa.team35.Team35Application] - Started Team35Application in 5.031 seconds (JVM running for 6.312)
2023-11-12 17:41:46.314 INFO  [http-nio-8085-exec-1] [o.a.c.c.C.[Tomcat].[localhost].[/]] - Initializing Spring DispatcherServlet 'dispatcherServlet'
2023-11-12 17:41:46.314 INFO  [http-nio-8085-exec-1] [o.s.web.servlet.DispatcherServlet] - Initializing Servlet 'dispatcherServlet'
2023-11-12 17:41:46.315 INFO  [http-nio-8085-exec-1] [o.s.web.servlet.DispatcherServlet] - Completed initialization in 1 ms
2023-11-12 17:41:46.380 INFO  [http-nio-8085-exec-1] [com.zaxxer.hikari.HikariDataSource] - HikariPool-1 - Starting...
2023-11-12 17:41:46.499 INFO  [http-nio-8085-exec-1] [com.zaxxer.hikari.HikariDataSource] - HikariPool-1 - Start completed.
2023-11-12 17:42:18.335 INFO  [SpringApplicationShutdownHook] [com.zaxxer.hikari.HikariDataSource] - HikariPool-1 - Shutdown initiated...
2023-11-12 17:42:18.346 INFO  [SpringApplicationShutdownHook] [com.zaxxer.hikari.HikariDataSource] - HikariPool-1 - Shutdown completed.
2023-11-12 17:42:24.641 INFO  [background-preinit] [o.h.validator.internal.util.Version] - HV000001: Hibernate Validator 6.2.5.Final
2023-11-12 17:42:24.641 INFO  [restartedMain] [com.tsherpa.team35.Team35Application] - Starting Team35Application using Java 17.0.8 on DESKTOP-637P0A4 with PID 18468 (C:\hkdev\proj\team\Chunjae_Team_proj05\team35\build\classes\java\main started by 김현경 in C:\hkdev\proj\team\Chunjae_Team_proj05\team35)
2023-11-12 17:42:24.645 INFO  [restartedMain] [com.tsherpa.team35.Team35Application] - No active profile set, falling back to 1 default profile: "default"
2023-11-12 17:42:25.114 INFO  [restartedMain] [o.s.b.d.e.DevToolsPropertyDefaultsPostProcessor] - Devtools property defaults active! Set 'spring.devtools.add-properties' to 'false' to disable
2023-11-12 17:42:25.114 INFO  [restartedMain] [o.s.b.d.e.DevToolsPropertyDefaultsPostProcessor] - For additional web related logging consider setting the 'logging.level.web' property to 'DEBUG'
2023-11-12 17:42:26.989 INFO  [restartedMain] [o.s.b.w.embedded.tomcat.TomcatWebServer] - Tomcat initialized with port(s): 8085 (http)
2023-11-12 17:42:26.999 INFO  [restartedMain] [o.apache.coyote.http11.Http11NioProtocol] - Initializing ProtocolHandler ["http-nio-8085"]
2023-11-12 17:42:27.001 INFO  [restartedMain] [org.apache.catalina.core.StandardService] - Starting service [Tomcat]
2023-11-12 17:42:27.001 INFO  [restartedMain] [org.apache.catalina.core.StandardEngine] - Starting Servlet engine: [Apache Tomcat/9.0.82]
2023-11-12 17:42:27.288 INFO  [restartedMain] [org.apache.jasper.servlet.TldScanner] - At least one JAR was scanned for TLDs yet contained no TLDs. Enable debug logging for this logger for a complete list of JARs that were scanned but no TLDs were found in them. Skipping unneeded JARs during scanning can improve startup time and JSP compilation time.
2023-11-12 17:42:27.294 INFO  [restartedMain] [o.a.c.c.C.[Tomcat].[localhost].[/]] - Initializing Spring embedded WebApplicationContext
2023-11-12 17:42:27.294 INFO  [restartedMain] [o.s.b.w.s.c.ServletWebServerApplicationContext] - Root WebApplicationContext: initialization completed in 2179 ms
2023-11-12 17:42:28.113 INFO  [restartedMain] [o.s.s.web.DefaultSecurityFilterChain] - Will secure any request with [org.springframework.security.web.session.DisableEncodeUrlFilter@5da18818, org.springframework.security.web.context.request.async.WebAsyncManagerIntegrationFilter@788d89d0, org.springframework.security.web.context.SecurityContextPersistenceFilter@815152d, org.springframework.security.web.header.HeaderWriterFilter@20b1f0fe, org.springframework.security.web.csrf.CsrfFilter@5e3dadc7, org.springframework.security.web.authentication.logout.LogoutFilter@7cf7a706, org.springframework.security.web.authentication.UsernamePasswordAuthenticationFilter@2064e5ea, org.springframework.security.web.savedrequest.RequestCacheAwareFilter@ff97a2, org.springframework.security.web.servletapi.SecurityContextHolderAwareRequestFilter@16a0f5a8, org.springframework.security.web.authentication.AnonymousAuthenticationFilter@38e4ad16, org.springframework.security.web.session.SessionManagementFilter@1070078e, org.springframework.security.web.access.ExceptionTranslationFilter@a103944, org.springframework.security.web.access.intercept.FilterSecurityInterceptor@25084ce7]
2023-11-12 17:42:28.534 INFO  [restartedMain] [o.s.b.d.a.OptionalLiveReloadServer] - LiveReload server is running on port 35729
2023-11-12 17:42:28.556 INFO  [restartedMain] [o.apache.coyote.http11.Http11NioProtocol] - Starting ProtocolHandler ["http-nio-8085"]
2023-11-12 17:42:28.594 INFO  [restartedMain] [o.s.b.w.embedded.tomcat.TomcatWebServer] - Tomcat started on port(s): 8085 (http) with context path ''
2023-11-12 17:42:28.609 INFO  [restartedMain] [com.tsherpa.team35.Team35Application] - Started Team35Application in 4.527 seconds (JVM running for 5.856)
2023-11-12 17:42:33.392 INFO  [http-nio-8085-exec-1] [o.a.c.c.C.[Tomcat].[localhost].[/]] - Initializing Spring DispatcherServlet 'dispatcherServlet'
2023-11-12 17:42:33.392 INFO  [http-nio-8085-exec-1] [o.s.web.servlet.DispatcherServlet] - Initializing Servlet 'dispatcherServlet'
2023-11-12 17:42:33.393 INFO  [http-nio-8085-exec-1] [o.s.web.servlet.DispatcherServlet] - Completed initialization in 1 ms
2023-11-12 17:42:33.514 INFO  [http-nio-8085-exec-1] [com.zaxxer.hikari.HikariDataSource] - HikariPool-1 - Starting...
2023-11-12 17:42:33.695 INFO  [http-nio-8085-exec-1] [com.zaxxer.hikari.HikariDataSource] - HikariPool-1 - Start completed.
2023-11-12 17:42:50.972 INFO  [SpringApplicationShutdownHook] [com.zaxxer.hikari.HikariDataSource] - HikariPool-1 - Shutdown initiated...
2023-11-12 17:42:50.980 INFO  [SpringApplicationShutdownHook] [com.zaxxer.hikari.HikariDataSource] - HikariPool-1 - Shutdown completed.
2023-11-12 17:42:57.403 INFO  [background-preinit] [o.h.validator.internal.util.Version] - HV000001: Hibernate Validator 6.2.5.Final
2023-11-12 17:42:57.403 INFO  [restartedMain] [com.tsherpa.team35.Team35Application] - Starting Team35Application using Java 17.0.8 on DESKTOP-637P0A4 with PID 12940 (C:\hkdev\proj\team\Chunjae_Team_proj05\team35\build\classes\java\main started by 김현경 in C:\hkdev\proj\team\Chunjae_Team_proj05\team35)
2023-11-12 17:42:57.408 INFO  [restartedMain] [com.tsherpa.team35.Team35Application] - No active profile set, falling back to 1 default profile: "default"
2023-11-12 17:42:57.882 INFO  [restartedMain] [o.s.b.d.e.DevToolsPropertyDefaultsPostProcessor] - Devtools property defaults active! Set 'spring.devtools.add-properties' to 'false' to disable
2023-11-12 17:42:57.882 INFO  [restartedMain] [o.s.b.d.e.DevToolsPropertyDefaultsPostProcessor] - For additional web related logging consider setting the 'logging.level.web' property to 'DEBUG'
2023-11-12 17:42:59.732 INFO  [restartedMain] [o.s.b.w.embedded.tomcat.TomcatWebServer] - Tomcat initialized with port(s): 8085 (http)
2023-11-12 17:42:59.745 INFO  [restartedMain] [o.apache.coyote.http11.Http11NioProtocol] - Initializing ProtocolHandler ["http-nio-8085"]
2023-11-12 17:42:59.747 INFO  [restartedMain] [org.apache.catalina.core.StandardService] - Starting service [Tomcat]
2023-11-12 17:42:59.747 INFO  [restartedMain] [org.apache.catalina.core.StandardEngine] - Starting Servlet engine: [Apache Tomcat/9.0.82]
2023-11-12 17:43:00.068 INFO  [restartedMain] [org.apache.jasper.servlet.TldScanner] - At least one JAR was scanned for TLDs yet contained no TLDs. Enable debug logging for this logger for a complete list of JARs that were scanned but no TLDs were found in them. Skipping unneeded JARs during scanning can improve startup time and JSP compilation time.
2023-11-12 17:43:00.076 INFO  [restartedMain] [o.a.c.c.C.[Tomcat].[localhost].[/]] - Initializing Spring embedded WebApplicationContext
2023-11-12 17:43:00.076 INFO  [restartedMain] [o.s.b.w.s.c.ServletWebServerApplicationContext] - Root WebApplicationContext: initialization completed in 2193 ms
2023-11-12 17:43:00.963 INFO  [restartedMain] [o.s.s.web.DefaultSecurityFilterChain] - Will secure any request with [org.springframework.security.web.session.DisableEncodeUrlFilter@1847e0f1, org.springframework.security.web.context.request.async.WebAsyncManagerIntegrationFilter@22b36909, org.springframework.security.web.context.SecurityContextPersistenceFilter@523bae5b, org.springframework.security.web.header.HeaderWriterFilter@69fcdf39, org.springframework.security.web.csrf.CsrfFilter@2ad5fa35, org.springframework.security.web.authentication.logout.LogoutFilter@4cfd88ea, org.springframework.security.web.authentication.UsernamePasswordAuthenticationFilter@58c5e73f, org.springframework.security.web.savedrequest.RequestCacheAwareFilter@4cc909c, org.springframework.security.web.servletapi.SecurityContextHolderAwareRequestFilter@147ed0fd, org.springframework.security.web.authentication.AnonymousAuthenticationFilter@44fca6ee, org.springframework.security.web.session.SessionManagementFilter@79359c70, org.springframework.security.web.access.ExceptionTranslationFilter@4d2f0cd3, org.springframework.security.web.access.intercept.FilterSecurityInterceptor@84ccc08]
2023-11-12 17:43:01.448 INFO  [restartedMain] [o.s.b.d.a.OptionalLiveReloadServer] - LiveReload server is running on port 35729
2023-11-12 17:43:01.469 INFO  [restartedMain] [o.apache.coyote.http11.Http11NioProtocol] - Starting ProtocolHandler ["http-nio-8085"]
2023-11-12 17:43:01.511 INFO  [restartedMain] [o.s.b.w.embedded.tomcat.TomcatWebServer] - Tomcat started on port(s): 8085 (http) with context path ''
2023-11-12 17:43:01.527 INFO  [restartedMain] [com.tsherpa.team35.Team35Application] - Started Team35Application in 4.714 seconds (JVM running for 6.013)
2023-11-12 17:43:05.769 INFO  [http-nio-8085-exec-1] [o.a.c.c.C.[Tomcat].[localhost].[/]] - Initializing Spring DispatcherServlet 'dispatcherServlet'
2023-11-12 17:43:05.770 INFO  [http-nio-8085-exec-1] [o.s.web.servlet.DispatcherServlet] - Initializing Servlet 'dispatcherServlet'
2023-11-12 17:43:05.771 INFO  [http-nio-8085-exec-1] [o.s.web.servlet.DispatcherServlet] - Completed initialization in 1 ms
2023-11-12 17:43:05.846 INFO  [http-nio-8085-exec-1] [com.zaxxer.hikari.HikariDataSource] - HikariPool-1 - Starting...
2023-11-12 17:43:05.984 INFO  [http-nio-8085-exec-1] [com.zaxxer.hikari.HikariDataSource] - HikariPool-1 - Start completed.
2023-11-12 17:49:41.337 INFO  [SpringApplicationShutdownHook] [com.zaxxer.hikari.HikariDataSource] - HikariPool-1 - Shutdown initiated...
2023-11-12 17:49:41.347 INFO  [SpringApplicationShutdownHook] [com.zaxxer.hikari.HikariDataSource] - HikariPool-1 - Shutdown completed.
